<?xml version="1.0" encoding="UTF-8"?>
<!-- Generated by org.testng.reporters.JUnitReportReporter -->
<testsuite hostname="IB-SEZ-LAP-714" failures="0" tests="2" name="TestFolder.StandAloneTestWithDataProvider" time="29.803" errors="0" timestamp="2024-11-10T18:37:18 IST" skipped="0">
  <testcase classname="TestFolder.StandAloneTestWithDataProvider" name="endToEndTestWithDataProvider" time="10.491"/>
  <system-out/>
  <testcase classname="TestFolder.StandAloneTestWithDataProvider" name="endToEndTestWithDataProvider" time="19.312"/>
  <system-out/>
</testsuite> <!-- TestFolder.StandAloneTestWithDataProvider -->
