<?xml version="1.0" encoding="UTF-8"?>
<!-- Generated by org.testng.reporters.JUnitReportReporter -->
<testsuite hostname="IB-SEZ-LAP-714" failures="0" tests="3" name="TestFolder.ExcelExampleTest" time="0.014" errors="0" timestamp="2024-11-15T12:46:45 IST" skipped="0">
  <testcase classname="TestFolder.ExcelExampleTest" name="testUsingExcel" time="0.005"/>
  <system-out/>
  <testcase classname="TestFolder.ExcelExampleTest" name="testUsingExcel" time="0.004"/>
  <system-out/>
  <testcase classname="TestFolder.ExcelExampleTest" name="testUsingExcel" time="0.005"/>
  <system-out/>
</testsuite> <!-- TestFolder.ExcelExampleTest -->
