<?xml version="1.0" encoding="UTF-8"?>
<!-- Generated by org.testng.reporters.JUnitReportReporter -->
<testsuite hostname="IB-SEZ-LAP-714" failures="0" tests="2" name="TestFolder.ErrorValidationTest" time="29.012" errors="0" timestamp="2024-11-11T15:39:37 IST" skipped="0">
  <testcase classname="TestFolder.ErrorValidationTest" name="loginErrorValiadtionTest" time="4.711"/>
  <system-out/>
  <testcase classname="TestFolder.ErrorValidationTest" name="productErrorvalidationTest" time="24.301"/>
  <system-out/>
</testsuite> <!-- TestFolder.ErrorValidationTest -->
