<?xml version="1.0" encoding="UTF-8"?>
<!-- Generated by org.testng.reporters.JUnitReportReporter -->
<testsuite hostname="IB-SEZ-LAP-714" failures="0" tests="2" name="TestFolder.SubmitOrderExcelTest" time="33.298" errors="0" timestamp="2024-11-12T01:44:26 IST" skipped="0">
  <testcase classname="TestFolder.SubmitOrderExcelTest" name="endToEndTestWithDataProvider" time="8.292"/>
  <system-out/>
  <testcase classname="TestFolder.SubmitOrderExcelTest" name="endToEndTestWithDataProvider" time="25.006"/>
  <system-out/>
</testsuite> <!-- TestFolder.SubmitOrderExcelTest -->
