<?xml version="1.0" encoding="UTF-8"?>
<!-- Generated by org.testng.reporters.JUnitReportReporter -->
<testsuite hostname="IB-SEZ-LAP-714" failures="0" tests="2" name="TestFolder.StandAloneTestWithDataProvider" time="39.682" errors="0" timestamp="2024-11-12T01:44:26 IST" skipped="0">
  <testcase classname="TestFolder.StandAloneTestWithDataProvider" name="endToEndTestWithDataProvider" time="18.270"/>
  <system-out/>
  <testcase classname="TestFolder.StandAloneTestWithDataProvider" name="endToEndTestWithDataProvider" time="21.412"/>
  <system-out/>
</testsuite> <!-- TestFolder.StandAloneTestWithDataProvider -->
