<?xml version="1.0" encoding="UTF-8"?>
<!-- Generated by org.testng.reporters.JUnitReportReporter -->
<testsuite hostname="IB-SEZ-LAP-714" failures="0" tests="3" name="TestFolder.Test1" time="25.365" errors="0" timestamp="2024-11-11T15:39:37 IST" skipped="0">
  <testcase classname="TestFolder.Test1" name="foundThePassword" time="7.082"/>
  <system-out/>
  <testcase classname="TestFolder.Test1" name="checkTheLocators" time="13.232"/>
  <system-out/>
  <testcase classname="TestFolder.Test1" name="openGoogleTest" time="5.051"/>
  <system-out/>
</testsuite> <!-- TestFolder.Test1 -->
