<?xml version="1.0" encoding="UTF-8"?>
<!-- Generated by org.testng.reporters.JUnitReportReporter -->
<testsuite hostname="IB-SEZ-LAP-714" failures="0" tests="2" name="TestFolder.ErrorValidationTest" time="22.401" errors="0" timestamp="2024-11-12T01:44:26 IST" skipped="0">
  <testcase classname="TestFolder.ErrorValidationTest" name="productErrorvalidationTest" time="17.019"/>
  <system-out/>
  <testcase classname="TestFolder.ErrorValidationTest" name="loginErrorValiadtionTest" time="5.382"/>
  <system-out/>
</testsuite> <!-- TestFolder.ErrorValidationTest -->
