<?xml version="1.0" encoding="UTF-8"?>
<!-- Generated by org.testng.reporters.JUnitReportReporter -->
<testsuite hostname="IB-SEZ-LAP-714" failures="0" tests="2" name="TestFolder.StandAloneTest" time="39.737" errors="0" timestamp="2024-11-12T01:44:26 IST" skipped="0">
  <testcase classname="TestFolder.StandAloneTest" name="orderHistoryTest" time="21.653"/>
  <system-out/>
  <testcase classname="TestFolder.StandAloneTest" name="endToEndTest" time="18.084"/>
  <system-out/>
</testsuite> <!-- TestFolder.StandAloneTest -->
