<?xml version="1.0" encoding="UTF-8"?>
<!-- Generated by org.testng.reporters.JUnitReportReporter -->
<testsuite hostname="IB-SEZ-LAP-714" failures="0" tests="2" name="TestFolder.StandAloneTest" time="32.924" errors="0" timestamp="2024-11-11T15:39:37 IST" skipped="0">
  <testcase classname="TestFolder.StandAloneTest" name="orderHistoryTest" time="20.857"/>
  <system-out/>
  <testcase classname="TestFolder.StandAloneTest" name="endToEndTest" time="12.067"/>
  <system-out/>
</testsuite> <!-- TestFolder.StandAloneTest -->
