<?xml version="1.0" encoding="UTF-8"?>
<!-- Generated by org.testng.reporters.JUnitReportReporter -->
<testsuite hostname="IB-SEZ-LAP-714" failures="0" tests="2" name="TestFolder.StandAloneTestWitrhHashMapData" time="36.599" errors="0" timestamp="2024-11-12T01:44:26 IST" skipped="0">
  <testcase classname="TestFolder.StandAloneTestWitrhHashMapData" name="endToEndTestWithHashMapData" time="18.304"/>
  <system-out/>
  <testcase classname="TestFolder.StandAloneTestWitrhHashMapData" name="endToEndTestWithHashMapData" time="18.295"/>
  <system-out/>
</testsuite> <!-- TestFolder.StandAloneTestWitrhHashMapData -->
