<?xml version="1.0" encoding="UTF-8"?>
<!-- Generated by org.testng.reporters.JUnitReportReporter -->
<testsuite hostname="IB-SEZ-LAP-714" failures="0" tests="1" name="TestFolder.StandAloneTest" time="23.466" errors="0" timestamp="2024-11-19T01:24:03 IST" skipped="0">
  <testcase classname="TestFolder.StandAloneTest" name="endToEndTest" time="23.466"/>
  <system-out/>
</testsuite> <!-- TestFolder.StandAloneTest -->
