<?xml version="1.0" encoding="UTF-8"?>
<!-- Generated by org.testng.reporters.JUnitReportReporter -->
<testsuite hostname="IB-SEZ-LAP-714" failures="0" tests="3" name="TestFolder.Test1" time="18.689" errors="0" timestamp="2024-11-12T01:44:26 IST" skipped="0">
  <testcase classname="TestFolder.Test1" name="checkTheLocators" time="8.315"/>
  <system-out/>
  <testcase classname="TestFolder.Test1" name="openGoogleTest" time="3.840"/>
  <system-out/>
  <testcase classname="TestFolder.Test1" name="foundThePassword" time="6.534"/>
  <system-out/>
</testsuite> <!-- TestFolder.Test1 -->
