<?xml version="1.0" encoding="UTF-8"?>
<!-- Generated by org.testng.reporters.JUnitReportReporter -->
<testsuite hostname="IB-SEZ-LAP-714" failures="0" tests="2" name="TestFolder.ErrorValidationTest" time="26.221" errors="0" timestamp="2024-11-19T01:21:19 IST" skipped="0">
  <testcase classname="TestFolder.ErrorValidationTest" name="productErrorvalidationTest" time="19.878"/>
  <testcase classname="TestFolder.ErrorValidationTest" name="loginErrorValiadtionTest" time="6.343"/>
</testsuite> <!-- TestFolder.ErrorValidationTest -->
