<?xml version="1.0" encoding="UTF-8"?>
<!-- Generated by org.testng.reporters.JUnitReportReporter -->
<testsuite hostname="IB-SEZ-LAP-714" failures="0" tests="2" name="TestFolder.StandAloneTest" time="52.814" errors="0" timestamp="2024-11-11T21:55:05 IST" skipped="0">
  <testcase classname="TestFolder.StandAloneTest" name="orderHistoryTest" time="25.301"/>
  <system-out/>
  <testcase classname="TestFolder.StandAloneTest" name="endToEndTest" time="27.513"/>
  <system-out/>
</testsuite> <!-- TestFolder.StandAloneTest -->
