<?xml version="1.0" encoding="UTF-8"?>
<!-- Generated by org.testng.reporters.JUnitReportReporter -->
<testsuite hostname="IB-SEZ-LAP-714" failures="0" tests="2" name="TestFolder.StandAloneTest" time="43.378" errors="0" timestamp="2024-11-19T01:21:19 IST" skipped="0">
  <testcase classname="TestFolder.StandAloneTest" name="orderHistoryTest" time="22.410"/>
  <testcase classname="TestFolder.StandAloneTest" name="endToEndTest" time="20.968"/>
</testsuite> <!-- TestFolder.StandAloneTest -->
