<?xml version="1.0" encoding="UTF-8"?>
<!-- Generated by org.testng.reporters.JUnitReportReporter -->
<testsuite hostname="IB-SEZ-LAP-714" failures="0" tests="2" name="TestFolder.StandAloneTest" time="48.030" errors="0" timestamp="2024-11-11T17:32:39 IST" skipped="0">
  <testcase classname="TestFolder.StandAloneTest" name="orderHistoryTest" time="19.918"/>
  <system-out/>
  <testcase classname="TestFolder.StandAloneTest" name="endToEndTest" time="28.112"/>
  <system-out/>
</testsuite> <!-- TestFolder.StandAloneTest -->
